<?xml version="1.0" encoding="UTF-8"?>
<testsuite name="PlaceholderTest" tests="1" skipped="0" failures="0" errors="0" timestamp="2025-09-28T13:17:20" hostname="Mac.lan" time="0.007">
  <properties/>
  <testcase name="placeholder()" classname="PlaceholderTest" time="0.007"/>
  <system-out><![CDATA[]]></system-out>
  <system-err><![CDATA[]]></system-err>
</testsuite>
