<?xml version="1.0" encoding="UTF-8"?>
<testsuite name="com.acme.payments.bootapi.payments.PaymentsControllerTest" tests="2" skipped="0" failures="0" errors="0" timestamp="2025-09-28T15:45:41" hostname="Mac.lan" time="0.247">
  <properties/>
  <testcase name="purchase_validation_error_returns_422()" classname="com.acme.payments.bootapi.payments.PaymentsControllerTest" time="0.238"/>
  <testcase name="purchase_returns201_and_sets_correlation_header()" classname="com.acme.payments.bootapi.payments.PaymentsControllerTest" time="0.008"/>
  <system-out><![CDATA[21:15:39.106 [Test worker] INFO org.springframework.test.context.support.AnnotationConfigContextLoaderUtils -- Could not detect default configuration classes for test class [com.acme.payments.bootapi.payments.PaymentsControllerTest]: PaymentsControllerTest does not declare any static, non-private, non-final, nested classes annotated with @Configuration.
21:15:39.198 [Test worker] INFO org.springframework.boot.test.context.SpringBootTestContextBootstrapper -- Found @SpringBootConfiguration com.acme.payments.bootapi.ApiApplication for test class com.acme.payments.bootapi.payments.PaymentsControllerTest

  .   ____          _            __ _ _
 /\\ / ___'_ __ _ _(_)_ __  __ _ \ \ \ \
( ( )\___ | '_ | '_| | '_ \/ _` | \ \ \ \
 \\/  ___)| |_)| | | | | || (_| |  ) ) ) )
  '  |____| .__|_| |_|_| |_\__, | / / / /
 =========|_|==============|___/=/_/_/_/

 :: Spring Boot ::                (v3.3.2)

2025-09-28T21:15:39.469+05:30  INFO 98180 --- [    Test worker] c.a.p.b.payments.PaymentsControllerTest  : Starting PaymentsControllerTest using Java 17.0.16 with PID 98180 (started by ajayn in /Users/ajayn/Desktop/talentica/Assignment_3/payment-processing-system/boot-api)
2025-09-28T21:15:39.471+05:30  INFO 98180 --- [    Test worker] c.a.p.b.payments.PaymentsControllerTest  : No active profile set, falling back to 1 default profile: "default"
2025-09-28T21:15:40.761+05:30  WARN 98180 --- [    Test worker] .s.s.UserDetailsServiceAutoConfiguration : 

Using generated security password: 324abea9-decd-4dde-b145-e156ebbe5b0a

This generated password is for development use only. Your security configuration must be updated before running your application in production.

2025-09-28T21:15:40.796+05:30  INFO 98180 --- [    Test worker] r$InitializeUserDetailsManagerConfigurer : Global AuthenticationManager configured with UserDetailsService bean with name inMemoryUserDetailsManager
2025-09-28T21:15:41.642+05:30  INFO 98180 --- [    Test worker] o.s.b.t.m.w.SpringBootMockServletContext : Initializing Spring TestDispatcherServlet ''
2025-09-28T21:15:41.643+05:30  INFO 98180 --- [    Test worker] o.s.t.web.servlet.TestDispatcherServlet  : Initializing Servlet ''
2025-09-28T21:15:41.644+05:30  INFO 98180 --- [    Test worker] o.s.t.web.servlet.TestDispatcherServlet  : Completed initialization in 0 ms
2025-09-28T21:15:41.669+05:30  INFO 98180 --- [    Test worker] c.a.p.b.payments.PaymentsControllerTest  : Started PaymentsControllerTest in 2.417 seconds (process running for 3.106)
]]></system-out>
  <system-err><![CDATA[]]></system-err>
</testsuite>
