<?xml version="1.0" encoding="UTF-8"?>
<testsuite name="com.acme.payments.bootapi.webhooks.WebhookControllerTest" tests="3" skipped="0" failures="0" errors="0" timestamp="2025-09-28T15:45:43" hostname="Mac.lan" time="0.015">
  <properties/>
  <testcase name="bad_request_on_large_skew()" classname="com.acme.payments.bootapi.webhooks.WebhookControllerTest" time="0.006"/>
  <testcase name="ok_when_signature_valid_and_skew_within_limit()" classname="com.acme.payments.bootapi.webhooks.WebhookControllerTest" time="0.006"/>
  <testcase name="unauthorized_on_bad_signature()" classname="com.acme.payments.bootapi.webhooks.WebhookControllerTest" time="0.002"/>
  <system-out><![CDATA[2025-09-28T21:15:42.888+05:30  INFO 98180 --- [    Test worker] t.c.s.AnnotationConfigContextLoaderUtils : Could not detect default configuration classes for test class [com.acme.payments.bootapi.webhooks.WebhookControllerTest]: WebhookControllerTest does not declare any static, non-private, non-final, nested classes annotated with @Configuration.
2025-09-28T21:15:42.894+05:30  INFO 98180 --- [    Test worker] .b.t.c.SpringBootTestContextBootstrapper : Found @SpringBootConfiguration com.acme.payments.bootapi.ApiApplication for test class com.acme.payments.bootapi.webhooks.WebhookControllerTest

  .   ____          _            __ _ _
 /\\ / ___'_ __ _ _(_)_ __  __ _ \ \ \ \
( ( )\___ | '_ | '_| | '_ \/ _` | \ \ \ \
 \\/  ___)| |_)| | | | | || (_| |  ) ) ) )
  '  |____| .__|_| |_|_| |_\__, | / / / /
 =========|_|==============|___/=/_/_/_/

 :: Spring Boot ::                (v3.3.2)

2025-09-28T21:15:42.904+05:30  INFO 98180 --- [    Test worker] c.a.p.b.webhooks.WebhookControllerTest   : Starting WebhookControllerTest using Java 17.0.16 with PID 98180 (started by ajayn in /Users/ajayn/Desktop/talentica/Assignment_3/payment-processing-system/boot-api)
2025-09-28T21:15:42.904+05:30  INFO 98180 --- [    Test worker] c.a.p.b.webhooks.WebhookControllerTest   : No active profile set, falling back to 1 default profile: "default"
2025-09-28T21:15:43.074+05:30  WARN 98180 --- [    Test worker] .s.s.UserDetailsServiceAutoConfiguration : 

Using generated security password: 11a2d198-99d7-4da4-b13b-9a5e9ed9ff67

This generated password is for development use only. Your security configuration must be updated before running your application in production.

2025-09-28T21:15:43.074+05:30  INFO 98180 --- [    Test worker] r$InitializeUserDetailsManagerConfigurer : Global AuthenticationManager configured with UserDetailsService bean with name inMemoryUserDetailsManager
2025-09-28T21:15:43.080+05:30  INFO 98180 --- [    Test worker] o.s.b.t.m.w.SpringBootMockServletContext : Initializing Spring TestDispatcherServlet ''
2025-09-28T21:15:43.080+05:30  INFO 98180 --- [    Test worker] o.s.t.web.servlet.TestDispatcherServlet  : Initializing Servlet ''
2025-09-28T21:15:43.081+05:30  INFO 98180 --- [    Test worker] o.s.t.web.servlet.TestDispatcherServlet  : Completed initialization in 1 ms
2025-09-28T21:15:43.085+05:30  INFO 98180 --- [    Test worker] c.a.p.b.webhooks.WebhookControllerTest   : Started WebhookControllerTest in 0.19 seconds (process running for 4.521)
]]></system-out>
  <system-err><![CDATA[]]></system-err>
</testsuite>
