<?xml version="1.0" encoding="UTF-8"?>
<testsuite name="com.acme.payments.bootapi.security.SecurityDisabledTest" tests="1" skipped="0" failures="0" errors="0" timestamp="2025-09-28T15:45:42" hostname="Mac.lan" time="0.004">
  <properties/>
  <testcase name="permits_when_security_disabled()" classname="com.acme.payments.bootapi.security.SecurityDisabledTest" time="0.004"/>
  <system-out><![CDATA[2025-09-28T21:15:42.596+05:30  INFO 98180 --- [    Test worker] t.c.s.AnnotationConfigContextLoaderUtils : Could not detect default configuration classes for test class [com.acme.payments.bootapi.security.SecurityDisabledTest]: SecurityDisabledTest does not declare any static, non-private, non-final, nested classes annotated with @Configuration.
2025-09-28T21:15:42.603+05:30  INFO 98180 --- [    Test worker] .b.t.c.SpringBootTestContextBootstrapper : Found @SpringBootConfiguration com.acme.payments.bootapi.ApiApplication for test class com.acme.payments.bootapi.security.SecurityDisabledTest

  .   ____          _            __ _ _
 /\\ / ___'_ __ _ _(_)_ __  __ _ \ \ \ \
( ( )\___ | '_ | '_| | '_ \/ _` | \ \ \ \
 \\/  ___)| |_)| | | | | || (_| |  ) ) ) )
  '  |____| .__|_| |_|_| |_\__, | / / / /
 =========|_|==============|___/=/_/_/_/

 :: Spring Boot ::                (v3.3.2)

2025-09-28T21:15:42.615+05:30  INFO 98180 --- [    Test worker] c.a.p.b.security.SecurityDisabledTest    : Starting SecurityDisabledTest using Java 17.0.16 with PID 98180 (started by ajayn in /Users/ajayn/Desktop/talentica/Assignment_3/payment-processing-system/boot-api)
2025-09-28T21:15:42.616+05:30  INFO 98180 --- [    Test worker] c.a.p.b.security.SecurityDisabledTest    : No active profile set, falling back to 1 default profile: "default"
2025-09-28T21:15:42.707+05:30  WARN 98180 --- [    Test worker] .s.s.UserDetailsServiceAutoConfiguration : 

Using generated security password: 3c7fca9b-3bce-425b-a48b-6ec92f4ecb1f

This generated password is for development use only. Your security configuration must be updated before running your application in production.

2025-09-28T21:15:42.708+05:30  INFO 98180 --- [    Test worker] r$InitializeUserDetailsManagerConfigurer : Global AuthenticationManager configured with UserDetailsService bean with name inMemoryUserDetailsManager
2025-09-28T21:15:42.713+05:30  INFO 98180 --- [    Test worker] o.s.b.t.m.w.SpringBootMockServletContext : Initializing Spring TestDispatcherServlet ''
2025-09-28T21:15:42.713+05:30  INFO 98180 --- [    Test worker] o.s.t.web.servlet.TestDispatcherServlet  : Initializing Servlet ''
2025-09-28T21:15:42.714+05:30  INFO 98180 --- [    Test worker] o.s.t.web.servlet.TestDispatcherServlet  : Completed initialization in 0 ms
2025-09-28T21:15:42.717+05:30  INFO 98180 --- [    Test worker] c.a.p.b.security.SecurityDisabledTest    : Started SecurityDisabledTest in 0.113 seconds (process running for 4.154)
]]></system-out>
  <system-err><![CDATA[]]></system-err>
</testsuite>
