<?xml version="1.0" encoding="UTF-8"?>
<testsuite name="com.acme.payments.bootapi.refunds.RefundsControllerTest" tests="2" skipped="0" failures="0" errors="0" timestamp="2025-09-28T15:45:42" hostname="Mac.lan" time="0.013">
  <properties/>
  <testcase name="refund_rejects_non_inr()" classname="com.acme.payments.bootapi.refunds.RefundsControllerTest" time="0.009"/>
  <testcase name="refund_full_refund_created()" classname="com.acme.payments.bootapi.refunds.RefundsControllerTest" time="0.003"/>
  <system-out><![CDATA[2025-09-28T21:15:42.437+05:30  INFO 98180 --- [    Test worker] t.c.s.AnnotationConfigContextLoaderUtils : Could not detect default configuration classes for test class [com.acme.payments.bootapi.refunds.RefundsControllerTest]: RefundsControllerTest does not declare any static, non-private, non-final, nested classes annotated with @Configuration.
2025-09-28T21:15:42.442+05:30  INFO 98180 --- [    Test worker] .b.t.c.SpringBootTestContextBootstrapper : Found @SpringBootConfiguration com.acme.payments.bootapi.ApiApplication for test class com.acme.payments.bootapi.refunds.RefundsControllerTest

  .   ____          _            __ _ _
 /\\ / ___'_ __ _ _(_)_ __  __ _ \ \ \ \
( ( )\___ | '_ | '_| | '_ \/ _` | \ \ \ \
 \\/  ___)| |_)| | | | | || (_| |  ) ) ) )
  '  |____| .__|_| |_|_| |_\__, | / / / /
 =========|_|==============|___/=/_/_/_/

 :: Spring Boot ::                (v3.3.2)

2025-09-28T21:15:42.453+05:30  INFO 98180 --- [    Test worker] c.a.p.b.refunds.RefundsControllerTest    : Starting RefundsControllerTest using Java 17.0.16 with PID 98180 (started by ajayn in /Users/ajayn/Desktop/talentica/Assignment_3/payment-processing-system/boot-api)
2025-09-28T21:15:42.454+05:30  INFO 98180 --- [    Test worker] c.a.p.b.refunds.RefundsControllerTest    : No active profile set, falling back to 1 default profile: "default"
2025-09-28T21:15:42.567+05:30  WARN 98180 --- [    Test worker] .s.s.UserDetailsServiceAutoConfiguration : 

Using generated security password: e7be7424-c368-48db-badc-44888b9f28c8

This generated password is for development use only. Your security configuration must be updated before running your application in production.

2025-09-28T21:15:42.567+05:30  INFO 98180 --- [    Test worker] r$InitializeUserDetailsManagerConfigurer : Global AuthenticationManager configured with UserDetailsService bean with name inMemoryUserDetailsManager
2025-09-28T21:15:42.574+05:30  INFO 98180 --- [    Test worker] o.s.b.t.m.w.SpringBootMockServletContext : Initializing Spring TestDispatcherServlet ''
2025-09-28T21:15:42.574+05:30  INFO 98180 --- [    Test worker] o.s.t.web.servlet.TestDispatcherServlet  : Initializing Servlet ''
2025-09-28T21:15:42.575+05:30  INFO 98180 --- [    Test worker] o.s.t.web.servlet.TestDispatcherServlet  : Completed initialization in 0 ms
2025-09-28T21:15:42.580+05:30  INFO 98180 --- [    Test worker] c.a.p.b.refunds.RefundsControllerTest    : Started RefundsControllerTest in 0.135 seconds (process running for 4.016)
]]></system-out>
  <system-err><![CDATA[]]></system-err>
</testsuite>
