<?xml version="1.0" encoding="UTF-8"?>
<testsuite name="com.acme.payments.bootapi.ratelimit.RateLimitingFilterTest" tests="1" skipped="0" failures="0" errors="0" timestamp="2025-09-28T15:45:42" hostname="Mac.lan" time="0.003">
  <properties/>
  <testcase name="returns_429_when_rate_limited()" classname="com.acme.payments.bootapi.ratelimit.RateLimitingFilterTest" time="0.003"/>
  <system-out><![CDATA[2025-09-28T21:15:42.301+05:30  INFO 98180 --- [    Test worker] t.c.s.AnnotationConfigContextLoaderUtils : Could not detect default configuration classes for test class [com.acme.payments.bootapi.ratelimit.RateLimitingFilterTest]: RateLimitingFilterTest does not declare any static, non-private, non-final, nested classes annotated with @Configuration.
2025-09-28T21:15:42.307+05:30  INFO 98180 --- [    Test worker] .b.t.c.SpringBootTestContextBootstrapper : Found @SpringBootConfiguration com.acme.payments.bootapi.ApiApplication for test class com.acme.payments.bootapi.ratelimit.RateLimitingFilterTest

  .   ____          _            __ _ _
 /\\ / ___'_ __ _ _(_)_ __  __ _ \ \ \ \
( ( )\___ | '_ | '_| | '_ \/ _` | \ \ \ \
 \\/  ___)| |_)| | | | | || (_| |  ) ) ) )
  '  |____| .__|_| |_|_| |_\__, | / / / /
 =========|_|==============|___/=/_/_/_/

 :: Spring Boot ::                (v3.3.2)

2025-09-28T21:15:42.318+05:30  INFO 98180 --- [    Test worker] c.a.p.b.r.RateLimitingFilterTest         : Starting RateLimitingFilterTest using Java 17.0.16 with PID 98180 (started by ajayn in /Users/ajayn/Desktop/talentica/Assignment_3/payment-processing-system/boot-api)
2025-09-28T21:15:42.318+05:30  INFO 98180 --- [    Test worker] c.a.p.b.r.RateLimitingFilterTest         : No active profile set, falling back to 1 default profile: "default"
2025-09-28T21:15:42.393+05:30  WARN 98180 --- [    Test worker] .s.s.UserDetailsServiceAutoConfiguration : 

Using generated security password: 5f84dbaa-15e5-47a8-850b-ecfdf2d2cee8

This generated password is for development use only. Your security configuration must be updated before running your application in production.

2025-09-28T21:15:42.394+05:30  INFO 98180 --- [    Test worker] r$InitializeUserDetailsManagerConfigurer : Global AuthenticationManager configured with UserDetailsService bean with name inMemoryUserDetailsManager
2025-09-28T21:15:42.425+05:30  INFO 98180 --- [    Test worker] o.s.b.t.m.w.SpringBootMockServletContext : Initializing Spring TestDispatcherServlet ''
2025-09-28T21:15:42.425+05:30  INFO 98180 --- [    Test worker] o.s.t.web.servlet.TestDispatcherServlet  : Initializing Servlet ''
2025-09-28T21:15:42.426+05:30  INFO 98180 --- [    Test worker] o.s.t.web.servlet.TestDispatcherServlet  : Completed initialization in 1 ms
2025-09-28T21:15:42.430+05:30  INFO 98180 --- [    Test worker] c.a.p.b.r.RateLimitingFilterTest         : Started RateLimitingFilterTest in 0.122 seconds (process running for 3.867)
]]></system-out>
  <system-err><![CDATA[]]></system-err>
</testsuite>
