<?xml version="1.0" encoding="UTF-8"?>
<testsuite name="com.acme.payments.bootapi.payments.PaymentsValidationTest" tests="3" skipped="0" failures="0" errors="0" timestamp="2025-09-28T15:45:42" hostname="Mac.lan" time="0.019">
  <properties/>
  <testcase name="rejects_non_inr_currency()" classname="com.acme.payments.bootapi.payments.PaymentsValidationTest" time="0.011"/>
  <testcase name="rejects_amount_above_max()" classname="com.acme.payments.bootapi.payments.PaymentsValidationTest" time="0.003"/>
  <testcase name="rejects_amount_below_min()" classname="com.acme.payments.bootapi.payments.PaymentsValidationTest" time="0.003"/>
  <system-out><![CDATA[2025-09-28T21:15:42.135+05:30  INFO 98180 --- [    Test worker] t.c.s.AnnotationConfigContextLoaderUtils : Could not detect default configuration classes for test class [com.acme.payments.bootapi.payments.PaymentsValidationTest]: PaymentsValidationTest does not declare any static, non-private, non-final, nested classes annotated with @Configuration.
2025-09-28T21:15:42.139+05:30  INFO 98180 --- [    Test worker] .b.t.c.SpringBootTestContextBootstrapper : Found @SpringBootConfiguration com.acme.payments.bootapi.ApiApplication for test class com.acme.payments.bootapi.payments.PaymentsValidationTest

  .   ____          _            __ _ _
 /\\ / ___'_ __ _ _(_)_ __  __ _ \ \ \ \
( ( )\___ | '_ | '_| | '_ \/ _` | \ \ \ \
 \\/  ___)| |_)| | | | | || (_| |  ) ) ) )
  '  |____| .__|_| |_|_| |_\__, | / / / /
 =========|_|==============|___/=/_/_/_/

 :: Spring Boot ::                (v3.3.2)

2025-09-28T21:15:42.152+05:30  INFO 98180 --- [    Test worker] c.a.p.b.payments.PaymentsValidationTest  : Starting PaymentsValidationTest using Java 17.0.16 with PID 98180 (started by ajayn in /Users/ajayn/Desktop/talentica/Assignment_3/payment-processing-system/boot-api)
2025-09-28T21:15:42.153+05:30  INFO 98180 --- [    Test worker] c.a.p.b.payments.PaymentsValidationTest  : No active profile set, falling back to 1 default profile: "default"
2025-09-28T21:15:42.266+05:30  WARN 98180 --- [    Test worker] .s.s.UserDetailsServiceAutoConfiguration : 

Using generated security password: ecb5df06-f950-4310-8f46-872aefde43d6

This generated password is for development use only. Your security configuration must be updated before running your application in production.

2025-09-28T21:15:42.267+05:30  INFO 98180 --- [    Test worker] r$InitializeUserDetailsManagerConfigurer : Global AuthenticationManager configured with UserDetailsService bean with name inMemoryUserDetailsManager
2025-09-28T21:15:42.273+05:30  INFO 98180 --- [    Test worker] o.s.b.t.m.w.SpringBootMockServletContext : Initializing Spring TestDispatcherServlet ''
2025-09-28T21:15:42.273+05:30  INFO 98180 --- [    Test worker] o.s.t.web.servlet.TestDispatcherServlet  : Initializing Servlet ''
2025-09-28T21:15:42.274+05:30  INFO 98180 --- [    Test worker] o.s.t.web.servlet.TestDispatcherServlet  : Completed initialization in 1 ms
2025-09-28T21:15:42.278+05:30  INFO 98180 --- [    Test worker] c.a.p.b.payments.PaymentsValidationTest  : Started PaymentsValidationTest in 0.137 seconds (process running for 3.715)
]]></system-out>
  <system-err><![CDATA[]]></system-err>
</testsuite>
