<?xml version="1.0" encoding="UTF-8"?>
<testsuite name="com.acme.payments.bootapi.payments.PaymentsControllerTest" tests="3" skipped="0" failures="0" errors="0" timestamp="2025-09-29T01:00:49" hostname="Mac.lan" time="1.124">
  <properties/>
  <testcase name="purchase_without_idempotency_creates_payment()" classname="com.acme.payments.bootapi.payments.PaymentsControllerTest" time="1.092"/>
  <testcase name="purchase_with_idempotency_returns_cached_response()" classname="com.acme.payments.bootapi.payments.PaymentsControllerTest" time="0.017"/>
  <testcase name="purchase_with_idempotency_persists_when_not_cached()" classname="com.acme.payments.bootapi.payments.PaymentsControllerTest" time="0.013"/>
  <system-out><![CDATA[06:30:50.148 [Test worker] INFO org.hibernate.validator.internal.util.Version -- HV000001: Hibernate Validator 8.0.1.Final
06:30:50.501 [Test worker] INFO org.springframework.mock.web.MockServletContext -- Initializing Spring TestDispatcherServlet ''
06:30:50.501 [Test worker] INFO org.springframework.test.web.servlet.TestDispatcherServlet -- Initializing Servlet ''
06:30:50.503 [Test worker] INFO org.springframework.test.web.servlet.TestDispatcherServlet -- Completed initialization in 2 ms
06:30:50.695 [Test worker] INFO org.springframework.mock.web.MockServletContext -- Initializing Spring TestDispatcherServlet ''
06:30:50.696 [Test worker] INFO org.springframework.test.web.servlet.TestDispatcherServlet -- Initializing Servlet ''
06:30:50.696 [Test worker] INFO org.springframework.test.web.servlet.TestDispatcherServlet -- Completed initialization in 0 ms
06:30:50.712 [Test worker] INFO org.springframework.mock.web.MockServletContext -- Initializing Spring TestDispatcherServlet ''
06:30:50.713 [Test worker] INFO org.springframework.test.web.servlet.TestDispatcherServlet -- Initializing Servlet ''
06:30:50.713 [Test worker] INFO org.springframework.test.web.servlet.TestDispatcherServlet -- Completed initialization in 0 ms
]]></system-out>
  <system-err><![CDATA[]]></system-err>
</testsuite>
